Arguments: 
  /usr/local/bin/node /opt/homebrew/bin/yarn add -D webpack-dev-server

PATH: 
  /Users/awaisanwar/.rbenv/shims:/opt/homebrew/bin:/opt/homebrew/sbin:/usr/local/bin:/usr/bin:/bin:/usr/sbin:/sbin:/Users/awaisanwar/Desktop/drivers:/Applications/Postgres.app/Contents/Versions/latest/bin

Yarn version: 
  1.22.18

Node version: 
  12.13.0

Platform: 
  darwin x64

Trace: 
  Error: EACCES: permission denied, unlink '/Users/awaisanwar/Desktop/microverse/ror-react/rails-react/node_modules/read-pkg/node_modules/.bin/semver'

npm manifest: 
  {
    "name": "hello-react",
    "version": "1.0.0",
    "description": "This README would normally document whatever steps are necessary to get the application up and running.",
    "main": "index.js",
    "directories": {
      "lib": "lib"
    },
    "dependencies": {
      "@babel/preset-react": "^7.18.6",
      "@rails/webpacker": "5.4.3",
      "@reduxjs/toolkit": "^1.8.3",
      "babel-plugin-transform-react-remove-prop-types": "^0.4.24",
      "install": "^0.13.0",
      "prop-types": "^15.8.1",
      "react": "^18.2.0",
      "react-dom": "^18.2.0",
      "react-redux": "^8.0.2",
      "react-router-dom": "^6.3.0",
      "react_ujs": "^2.6.2",
      "redux": "^4.2.0",
      "redux-logger": "^3.0.6",
      "redux-thunk": "^2.4.1",
      "stylelint": "^13.13.1",
      "stylelint-config-standard": "^21.0.0",
      "stylelint-csstree-validator": "^1.9.0",
      "stylelint-scss": "^3.21.0",
      "webpack": "4.46.0",
      "webpack-cli": "3.3.12",
      "yarn": "^1.22.19"
    },
    "devDependencies": {
      "webpack-dev-server": "3"
    },
    "scripts": {
      "test": "echo \"Error: no test specified\" && exit 1"
    },
    "repository": {
      "type": "git",
      "url": "git+https://github.com/VicPeralta/hello_rails_react.git"
    },
    "author": "",
    "license": "ISC",
    "bugs": {
      "url": "https://github.com/VicPeralta/hello_rails_react/issues"
    },
    "homepage": "https://github.com/VicPeralta/hello_rails_react#readme"
  }

yarn manifest: 
  No manifest

Lockfile: 
  No lockfile
